<?xml version="1.0" encoding="UTF-8"?>
<testng-results ignored="0" total="1" passed="1" failed="0" skipped="0">
  <reporter-output>
  </reporter-output>
  <suite started-at="2024-03-12T15:11:49 CET" name="Default suite" finished-at="2024-03-12T15:11:58 CET" duration-ms="8125">
    <groups>
    </groups>
    <test started-at="2024-03-12T15:11:49 CET" name="Default test" finished-at="2024-03-12T15:11:58 CET" duration-ms="8125">
      <class name="TestCases.RequestLoanTest">
        <test-method is-config="true" signature="setUp()[pri:0, instance:TestCases.RequestLoanTest@563f38c4]" started-at="2024-03-12T15:11:50 CET" name="setUp" finished-at="2024-03-12T15:11:55 CET" duration-ms="5530" status="PASS">
          <reporter-output>
          </reporter-output>
        </test-method> <!-- setUp -->
        <test-method signature="RequestLoan()[pri:0, instance:TestCases.RequestLoanTest@563f38c4]" started-at="2024-03-12T15:11:55 CET" name="RequestLoan" finished-at="2024-03-12T15:11:57 CET" duration-ms="2419" status="PASS">
          <reporter-output>
          </reporter-output>
        </test-method> <!-- RequestLoan -->
        <test-method is-config="true" signature="tearDown()[pri:0, instance:TestCases.RequestLoanTest@563f38c4]" started-at="2024-03-12T15:11:57 CET" name="tearDown" finished-at="2024-03-12T15:11:58 CET" duration-ms="111" status="PASS">
          <reporter-output>
          </reporter-output>
        </test-method> <!-- tearDown -->
      </class> <!-- TestCases.RequestLoanTest -->
    </test> <!-- Default test -->
  </suite> <!-- Default suite -->
</testng-results>
